<?xml version="1.0" encoding="UTF-8"?>
<!-- Generated by org.testng.reporters.JUnitXMLReporter -->
<testsuite hostname="2DI3052" ignored="0" name="com.FirstTest" tests="4" failures="2" timestamp="16 Jan 2020 11:14:52 GMT" time="0.804" errors="0">
  <testcase name="@BeforeMethod methodLevelSetup" time="0.0" classname="tests.BaseTest">
    <failure type="org.testng.TestNGException" message="
Parameter &amp;apos;Browser&amp;apos; is required by BeforeMethod on method methodLevelSetup but has not been marked @Optional or defined
in C:\Users\dineshkumar.m\Desktop\Scoular_Github\Scoular_01\Scoular_RTT_01\Parallel_Methods.xml">
      <![CDATA[org.testng.TestNGException: 
Parameter 'Browser' is required by BeforeMethod on method methodLevelSetup but has not been marked @Optional or defined
in C:\Users\dineshkumar.m\Desktop\Scoular_Github\Scoular_01\Scoular_RTT_01\Parallel_Methods.xml
at org.testng.internal.Parameters.createParams(Parameters.java:290)
at org.testng.internal.Parameters.createParametersForMethod(Parameters.java:359)
at org.testng.internal.Parameters.createParameters(Parameters.java:620)
at org.testng.internal.Parameters.createConfigurationParameters(Parameters.java:190)
at org.testng.internal.Invoker.invokeConfigurations(Invoker.java:209)
at org.testng.internal.Invoker.invokeMethod(Invoker.java:523)
at org.testng.internal.Invoker.invokeTestMethod(Invoker.java:719)
at org.testng.internal.Invoker.invokeTestMethods(Invoker.java:989)
at org.testng.internal.TestMethodWorker.invokeTestMethods(TestMethodWorker.java:125)
at org.testng.internal.TestMethodWorker.run(TestMethodWorker.java:109)
at java.util.concurrent.ThreadPoolExecutor.runWorker(ThreadPoolExecutor.java:1142)
at java.util.concurrent.ThreadPoolExecutor$Worker.run(ThreadPoolExecutor.java:617)
at java.lang.Thread.run(Thread.java:745)
]]>
    </failure>
  </testcase> <!-- @BeforeMethod methodLevelSetup -->
  <testcase name="@BeforeMethod methodLevelSetup" time="0.0" classname="tests.BaseTest">
    <failure type="org.testng.TestNGException" message="
Parameter &amp;apos;Browser&amp;apos; is required by BeforeMethod on method methodLevelSetup but has not been marked @Optional or defined
in C:\Users\dineshkumar.m\Desktop\Scoular_Github\Scoular_01\Scoular_RTT_01\Parallel_Methods.xml">
      <![CDATA[org.testng.TestNGException: 
Parameter 'Browser' is required by BeforeMethod on method methodLevelSetup but has not been marked @Optional or defined
in C:\Users\dineshkumar.m\Desktop\Scoular_Github\Scoular_01\Scoular_RTT_01\Parallel_Methods.xml
at org.testng.internal.Parameters.createParams(Parameters.java:290)
at org.testng.internal.Parameters.createParametersForMethod(Parameters.java:359)
at org.testng.internal.Parameters.createParameters(Parameters.java:620)
at org.testng.internal.Parameters.createConfigurationParameters(Parameters.java:190)
at org.testng.internal.Invoker.invokeConfigurations(Invoker.java:209)
at org.testng.internal.Invoker.invokeMethod(Invoker.java:523)
at org.testng.internal.Invoker.invokeTestMethod(Invoker.java:719)
at org.testng.internal.Invoker.invokeTestMethods(Invoker.java:989)
at org.testng.internal.TestMethodWorker.invokeTestMethods(TestMethodWorker.java:125)
at org.testng.internal.TestMethodWorker.run(TestMethodWorker.java:109)
at java.util.concurrent.ThreadPoolExecutor.runWorker(ThreadPoolExecutor.java:1142)
at java.util.concurrent.ThreadPoolExecutor$Worker.run(ThreadPoolExecutor.java:617)
at java.lang.Thread.run(Thread.java:745)
]]>
    </failure>
  </testcase> <!-- @BeforeMethod methodLevelSetup -->
  <testcase name="Valid_Login_Test" time="0.0" classname="tests.TC_001_Login_Valid">
    <skipped/>
  </testcase> <!-- Valid_Login_Test -->
  <testcase name="Invalid_Login_Test" time="0.0" classname="tests.TC_001_Login_Valid">
    <skipped/>
  </testcase> <!-- Invalid_Login_Test -->
  <testcase name="Valid_Login_Test" time="0.689" classname="tests.TC_001_Login_Valid">
    <failure type="java.lang.NullPointerException">
      <![CDATA[java.lang.NullPointerException
at Listeners.TestListener.onTestSkipped(TestListener.java:67)
at org.testng.internal.TestListenerHelper.runTestListeners(TestListenerHelper.java:61)
at org.testng.internal.Invoker.runTestListeners(Invoker.java:1389)
at org.testng.internal.Invoker.registerSkippedTestResult(Invoker.java:1063)
at org.testng.internal.Invoker.invokeMethod(Invoker.java:529)
at org.testng.internal.Invoker.invokeTestMethod(Invoker.java:719)
at org.testng.internal.Invoker.invokeTestMethods(Invoker.java:989)
at org.testng.internal.TestMethodWorker.invokeTestMethods(TestMethodWorker.java:125)
at org.testng.internal.TestMethodWorker.run(TestMethodWorker.java:109)
at java.util.concurrent.ThreadPoolExecutor.runWorker(ThreadPoolExecutor.java:1142)
at java.util.concurrent.ThreadPoolExecutor$Worker.run(ThreadPoolExecutor.java:617)
at java.lang.Thread.run(Thread.java:745)
]]>
    </failure>
  </testcase> <!-- Valid_Login_Test -->
  <testcase name="Invalid_Login_Test" time="0.689" classname="tests.TC_001_Login_Valid">
    <failure type="java.lang.NullPointerException">
      <![CDATA[java.lang.NullPointerException
at Listeners.TestListener.onTestSkipped(TestListener.java:67)
at org.testng.internal.TestListenerHelper.runTestListeners(TestListenerHelper.java:61)
at org.testng.internal.Invoker.runTestListeners(Invoker.java:1389)
at org.testng.internal.Invoker.registerSkippedTestResult(Invoker.java:1063)
at org.testng.internal.Invoker.invokeMethod(Invoker.java:529)
at org.testng.internal.Invoker.invokeTestMethod(Invoker.java:719)
at org.testng.internal.Invoker.invokeTestMethods(Invoker.java:989)
at org.testng.internal.TestMethodWorker.invokeTestMethods(TestMethodWorker.java:125)
at org.testng.internal.TestMethodWorker.run(TestMethodWorker.java:109)
at java.util.concurrent.ThreadPoolExecutor.runWorker(ThreadPoolExecutor.java:1142)
at java.util.concurrent.ThreadPoolExecutor$Worker.run(ThreadPoolExecutor.java:617)
at java.lang.Thread.run(Thread.java:745)
]]>
    </failure>
  </testcase> <!-- Invalid_Login_Test -->
</testsuite> <!-- com.FirstTest -->
